::1 - - [04/Nov/2025 12:40:04] "HEAD / HTTP/1.1" 200 -
::1 - - [04/Nov/2025 12:41:07] "GET / HTTP/1.1" 200 -
::1 - - [04/Nov/2025 12:41:07] "GET /logo_white.webp?v=2 HTTP/1.1" 200 -
::1 - - [04/Nov/2025 12:41:07] "GET /data.csv HTTP/1.1" 200 -
::1 - - [04/Nov/2025 12:41:07] "GET /other.csv HTTP/1.1" 200 -
::1 - - [04/Nov/2025 12:41:07] "GET /metro.geojson HTTP/1.1" 200 -
::1 - - [04/Nov/2025 12:41:07] "GET /idealista.csv HTTP/1.1" 200 -
::1 - - [04/Nov/2025 12:41:07] "GET /icon-cafe.png HTTP/1.1" 200 -
::1 - - [04/Nov/2025 12:41:07] "GET /icon-train.png HTTP/1.1" 200 -
::1 - - [04/Nov/2025 12:41:07] "GET /icon-cart.png HTTP/1.1" 200 -
::1 - - [04/Nov/2025 12:41:07] "GET /icon-crowd.png HTTP/1.1" 200 -
::1 - - [04/Nov/2025 12:41:07] "GET /icon-office.png HTTP/1.1" 200 -
::1 - - [04/Nov/2025 12:41:07] "GET /icon-university.png HTTP/1.1" 200 -
::1 - - [04/Nov/2025 12:41:07] "GET /density.csv HTTP/1.1" 200 -
::1 - - [04/Nov/2025 12:41:07] "GET /icon-bed.png HTTP/1.1" 200 -
::1 - - [04/Nov/2025 12:41:07] "GET /icon-metro.png HTTP/1.1" 200 -
::1 - - [04/Nov/2025 12:41:07] "GET /idealista-logo.png HTTP/1.1" 200 -
::1 - - [04/Nov/2025 12:41:07] "GET /barrios_with_density.geojson HTTP/1.1" 200 -
::1 - - [04/Nov/2025 12:41:07] "GET /footfall_data.csv HTTP/1.1" 200 -
::1 - - [04/Nov/2025 12:41:08] "GET /madrid-logo.png HTTP/1.1" 200 -
::1 - - [04/Nov/2025 12:41:08] code 404, message File not found
::1 - - [04/Nov/2025 12:41:08] "GET /favicon.ico HTTP/1.1" 404 -
::1 - - [04/Nov/2025 16:13:56] code 404, message File not found
::1 - - [04/Nov/2025 16:13:56] "GET /favicon.ico HTTP/1.1" 404 -
::1 - - [04/Nov/2025 16:39:03] "GET / HTTP/1.1" 304 -
::1 - - [04/Nov/2025 16:52:13] "GET / HTTP/1.1" 304 -
::1 - - [04/Nov/2025 16:55:52] "GET / HTTP/1.1" 200 -
::1 - - [04/Nov/2025 17:04:21] "GET / HTTP/1.1" 200 -
::1 - - [04/Nov/2025 17:04:21] "GET /icon-cafe.svg HTTP/1.1" 200 -
::1 - - [04/Nov/2025 17:05:23] "GET / HTTP/1.1" 200 -
::1 - - [04/Nov/2025 17:06:21] "GET / HTTP/1.1" 200 -
::1 - - [04/Nov/2025 17:06:21] "GET /icon-cafe.svg HTTP/1.1" 304 -
::1 - - [04/Nov/2025 17:08:02] "GET / HTTP/1.1" 200 -
::1 - - [04/Nov/2025 17:08:02] "GET /icon-cafe.svg HTTP/1.1" 304 -
::1 - - [04/Nov/2025 17:08:46] "GET / HTTP/1.1" 200 -
::1 - - [04/Nov/2025 17:12:01] "GET / HTTP/1.1" 200 -
::1 - - [04/Nov/2025 17:12:01] "GET /icon-cafe.svg HTTP/1.1" 304 -
::1 - - [04/Nov/2025 17:13:45] "GET / HTTP/1.1" 200 -
::1 - - [04/Nov/2025 17:14:45] "GET / HTTP/1.1" 200 -
::1 - - [04/Nov/2025 17:14:45] "GET /icon-cafe.svg HTTP/1.1" 304 -
::1 - - [04/Nov/2025 17:30:32] "GET / HTTP/1.1" 200 -
::1 - - [04/Nov/2025 17:30:32] "GET /icon-cafe.svg HTTP/1.1" 304 -
::1 - - [04/Nov/2025 17:45:34] "GET / HTTP/1.1" 200 -
::1 - - [04/Nov/2025 17:45:35] "GET /icon-cafe.svg HTTP/1.1" 304 -
::1 - - [04/Nov/2025 17:46:28] "GET / HTTP/1.1" 304 -
::1 - - [04/Nov/2025 17:46:35] "GET / HTTP/1.1" 200 -
::1 - - [04/Nov/2025 17:46:47] "GET / HTTP/1.1" 304 -
::1 - - [04/Nov/2025 17:50:45] "GET / HTTP/1.1" 200 -
::1 - - [04/Nov/2025 17:54:52] "GET / HTTP/1.1" 200 -
::1 - - [04/Nov/2025 17:54:53] "GET /icon-cafe.svg HTTP/1.1" 304 -
::1 - - [04/Nov/2025 17:56:46] "GET / HTTP/1.1" 200 -
::1 - - [04/Nov/2025 17:58:20] "GET / HTTP/1.1" 200 -
::1 - - [04/Nov/2025 18:09:30] "GET / HTTP/1.1" 200 -
::1 - - [04/Nov/2025 18:09:30] "GET /icon-cafe.svg HTTP/1.1" 304 -
::1 - - [04/Nov/2025 18:10:04] "GET / HTTP/1.1" 200 -
::1 - - [04/Nov/2025 18:12:59] "GET / HTTP/1.1" 200 -
::1 - - [04/Nov/2025 18:13:15] "GET / HTTP/1.1" 304 -
::1 - - [04/Nov/2025 18:34:05] "GET / HTTP/1.1" 200 -
::1 - - [04/Nov/2025 18:34:05] "GET /icon-cafe.svg HTTP/1.1" 304 -
::1 - - [04/Nov/2025 18:36:15] "GET / HTTP/1.1" 304 -
::1 - - [04/Nov/2025 18:36:24] "GET / HTTP/1.1" 304 -
::1 - - [04/Nov/2025 18:36:58] "GET / HTTP/1.1" 200 -
::1 - - [04/Nov/2025 18:36:58] "GET /madrid-logo.png?v=2 HTTP/1.1" 200 -
::1 - - [04/Nov/2025 18:39:19] "GET / HTTP/1.1" 200 -
::1 - - [04/Nov/2025 18:39:20] "GET /madrid-logo.png?v=2 HTTP/1.1" 304 -
::1 - - [04/Nov/2025 18:46:32] "GET / HTTP/1.1" 200 -
::1 - - [04/Nov/2025 18:46:32] "GET /icon-cafe.svg HTTP/1.1" 304 -
::1 - - [04/Nov/2025 18:46:33] "GET /madrid-logo.png?v=2 HTTP/1.1" 304 -
::1 - - [04/Nov/2025 18:52:42] "GET / HTTP/1.1" 200 -
::1 - - [04/Nov/2025 18:52:43] "GET /madrid-logo.png?v=2 HTTP/1.1" 304 -
::1 - - [04/Nov/2025 18:55:46] "GET / HTTP/1.1" 304 -
::1 - - [04/Nov/2025 18:55:47] "GET /madrid-logo.png?v=2 HTTP/1.1" 304 -
::1 - - [04/Nov/2025 18:57:24] "GET / HTTP/1.1" 200 -
::1 - - [04/Nov/2025 18:58:22] "GET / HTTP/1.1" 200 -
::1 - - [04/Nov/2025 18:58:26] "GET /icon-cafe.svg HTTP/1.1" 304 -
::1 - - [04/Nov/2025 18:58:26] "GET /madrid-logo.png?v=2 HTTP/1.1" 304 -
::1 - - [04/Nov/2025 18:58:30] "GET / HTTP/1.1" 304 -
::1 - - [04/Nov/2025 18:59:45] "GET / HTTP/1.1" 200 -
::1 - - [04/Nov/2025 19:00:15] "GET / HTTP/1.1" 304 -
::1 - - [04/Nov/2025 19:00:23] "GET / HTTP/1.1" 304 -
::1 - - [04/Nov/2025 19:00:37] "GET / HTTP/1.1" 200 -
::1 - - [04/Nov/2025 19:00:45] "GET /madrid-logo.png?v=2 HTTP/1.1" 304 -
::1 - - [04/Nov/2025 19:00:46] "GET / HTTP/1.1" 304 -
::1 - - [04/Nov/2025 19:02:11] "GET / HTTP/1.1" 200 -
::1 - - [04/Nov/2025 19:02:15] "GET / HTTP/1.1" 304 -
::1 - - [04/Nov/2025 19:02:20] "GET / HTTP/1.1" 304 -
::1 - - [04/Nov/2025 19:02:24] "GET / HTTP/1.1" 304 -
::1 - - [04/Nov/2025 19:03:40] "GET / HTTP/1.1" 200 -
::1 - - [04/Nov/2025 19:03:41] "GET / HTTP/1.1" 304 -
::1 - - [04/Nov/2025 19:03:49] "GET /madrid-logo.png?v=2 HTTP/1.1" 304 -
::1 - - [04/Nov/2025 19:04:24] "GET / HTTP/1.1" 304 -
::1 - - [04/Nov/2025 22:07:13] "GET / HTTP/1.1" 304 -
::1 - - [04/Nov/2025 22:07:17] "GET /metro.geojson HTTP/1.1" 200 -
::1 - - [04/Nov/2025 22:07:17] "GET /icon-cafe.svg HTTP/1.1" 304 -
::1 - - [04/Nov/2025 22:07:17] "GET /barrios_with_density.geojson HTTP/1.1" 200 -
::1 - - [04/Nov/2025 22:07:17] "GET /madrid-logo.png?v=2 HTTP/1.1" 304 -
::1 - - [04/Nov/2025 22:09:15] "GET / HTTP/1.1" 304 -
::1 - - [04/Nov/2025 22:10:44] "GET / HTTP/1.1" 304 -
::1 - - [04/Nov/2025 22:10:45] "GET / HTTP/1.1" 304 -
::1 - - [04/Nov/2025 22:11:23] "GET / HTTP/1.1" 200 -
::1 - - [04/Nov/2025 22:11:26] "GET /icon-metro.png?v=2 HTTP/1.1" 200 -
::1 - - [04/Nov/2025 22:14:31] "GET / HTTP/1.1" 200 -
::1 - - [04/Nov/2025 22:14:35] "GET /icon-metro.png?v=2 HTTP/1.1" 304 -
::1 - - [04/Nov/2025 22:24:14] "GET / HTTP/1.1" 200 -
::1 - - [04/Nov/2025 22:24:18] "GET /icon-metro.png?v=2 HTTP/1.1" 304 -
::1 - - [04/Nov/2025 22:26:07] "GET / HTTP/1.1" 200 -
::1 - - [04/Nov/2025 22:26:10] "GET /icon-metro.png?v=2 HTTP/1.1" 304 -
::1 - - [04/Nov/2025 22:29:19] "GET / HTTP/1.1" 200 -
::1 - - [04/Nov/2025 22:29:22] "GET /icon-train.png?v=2 HTTP/1.1" 200 -
::1 - - [04/Nov/2025 22:29:22] "GET /icon-office.png?v=2 HTTP/1.1" 200 -
::1 - - [04/Nov/2025 22:29:22] "GET /icon-cart.png?v=2 HTTP/1.1" 200 -
::1 - - [04/Nov/2025 22:29:22] "GET /icon-bed.png?v=2 HTTP/1.1" 200 -
::1 - - [04/Nov/2025 22:29:22] "GET /icon-crowd.png?v=2 HTTP/1.1" 200 -
::1 - - [04/Nov/2025 22:29:22] "GET /icon-university.png?v=2 HTTP/1.1" 200 -
::1 - - [04/Nov/2025 22:29:22] "GET /icon-cafe.png?v=2 HTTP/1.1" 200 -
::1 - - [04/Nov/2025 22:29:22] "GET /icon-metro.png?v=2 HTTP/1.1" 304 -
::1 - - [04/Nov/2025 22:29:22] "GET /idealista-logo.png?v=2 HTTP/1.1" 200 -
::1 - - [04/Nov/2025 22:29:22] "GET /madrid-logo.png?v=2 HTTP/1.1" 304 -
::1 - - [04/Nov/2025 22:29:35] "GET / HTTP/1.1" 304 -
::1 - - [04/Nov/2025 22:33:14] "GET / HTTP/1.1" 200 -
::1 - - [04/Nov/2025 22:33:17] "GET /icon-cafe.png?v=2 HTTP/1.1" 304 -
::1 - - [04/Nov/2025 22:33:17] "GET /icon-office.png?v=2 HTTP/1.1" 304 -
::1 - - [04/Nov/2025 22:33:17] "GET /icon-train.png?v=2 HTTP/1.1" 304 -
::1 - - [04/Nov/2025 22:33:17] "GET /icon-cart.png?v=2 HTTP/1.1" 304 -
::1 - - [04/Nov/2025 22:33:17] "GET /icon-crowd.png?v=2 HTTP/1.1" 304 -
::1 - - [04/Nov/2025 22:33:17] "GET /icon-university.png?v=2 HTTP/1.1" 304 -
::1 - - [04/Nov/2025 22:33:17] "GET /icon-metro.png?v=2 HTTP/1.1" 304 -
::1 - - [04/Nov/2025 22:33:17] "GET /icon-bed.png?v=2 HTTP/1.1" 304 -
::1 - - [04/Nov/2025 22:33:56] "GET / HTTP/1.1" 304 -
::1 - - [04/Nov/2025 22:34:57] "GET / HTTP/1.1" 200 -
::1 - - [04/Nov/2025 22:35:00] "GET /icon-cafe-eu.png?v=2 HTTP/1.1" 200 -
::1 - - [04/Nov/2025 22:35:00] "GET /icon-bed.png?v=2 HTTP/1.1" 304 -
::1 - - [04/Nov/2025 22:35:00] "GET /icon-cart.png?v=2 HTTP/1.1" 304 -
::1 - - [04/Nov/2025 22:35:00] "GET /icon-crowd.png?v=2 HTTP/1.1" 304 -
::1 - - [04/Nov/2025 22:35:00] "GET /icon-university.png?v=2 HTTP/1.1" 304 -
::1 - - [04/Nov/2025 22:43:27] "GET / HTTP/1.1" 200 -
::1 - - [04/Nov/2025 22:43:31] "GET /icon-cafe-eu.png?v=2 HTTP/1.1" 304 -
::1 - - [04/Nov/2025 22:43:31] "GET /icon-cafe.png?v=2 HTTP/1.1" 304 -
::1 - - [04/Nov/2025 22:43:31] "GET /icon-train.png?v=2 HTTP/1.1" 304 -
::1 - - [04/Nov/2025 22:43:31] "GET /icon-office.png?v=2 HTTP/1.1" 304 -
::1 - - [04/Nov/2025 22:43:31] "GET /icon-cart.png?v=2 HTTP/1.1" 304 -
::1 - - [04/Nov/2025 22:43:31] "GET /icon-crowd.png?v=2 HTTP/1.1" 304 -
::1 - - [04/Nov/2025 22:43:31] "GET /icon-bed.png?v=2 HTTP/1.1" 304 -
::1 - - [04/Nov/2025 22:43:31] "GET /icon-university.png?v=2 HTTP/1.1" 304 -
::1 - - [04/Nov/2025 22:43:31] "GET /icon-metro.png?v=2 HTTP/1.1" 304 -
::1 - - [04/Nov/2025 22:43:36] "GET /eu_coffee_trip_logo.png HTTP/1.1" 200 -
::1 - - [04/Nov/2025 22:47:11] "GET / HTTP/1.1" 200 -
::1 - - [04/Nov/2025 22:47:14] "GET /icon-office.png?v=2 HTTP/1.1" 304 -
::1 - - [04/Nov/2025 22:47:14] "GET /icon-cart.png?v=2 HTTP/1.1" 304 -
::1 - - [04/Nov/2025 22:47:14] "GET /icon-cafe-eu.png?v=2 HTTP/1.1" 304 -
::1 - - [04/Nov/2025 22:47:14] "GET /icon-crowd.png?v=2 HTTP/1.1" 304 -
::1 - - [04/Nov/2025 22:47:14] "GET /icon-bed.png?v=2 HTTP/1.1" 304 -
::1 - - [04/Nov/2025 22:47:14] "GET /icon-metro.png?v=2 HTTP/1.1" 304 -
::1 - - [04/Nov/2025 22:47:14] "GET /icon-university.png?v=2 HTTP/1.1" 304 -
::1 - - [04/Nov/2025 22:48:42] "GET / HTTP/1.1" 200 -
::1 - - [04/Nov/2025 22:48:45] "GET /icon-cafe.png?v=2 HTTP/1.1" 304 -
::1 - - [04/Nov/2025 22:48:45] "GET /icon-train.png?v=2 HTTP/1.1" 304 -
::1 - - [04/Nov/2025 22:50:12] "GET / HTTP/1.1" 200 -
::1 - - [04/Nov/2025 22:50:16] "GET /icon-cart.png?v=2 HTTP/1.1" 304 -
::1 - - [04/Nov/2025 22:50:16] "GET /icon-crowd.png?v=2 HTTP/1.1" 304 -
::1 - - [04/Nov/2025 22:50:16] "GET /icon-bed.png?v=2 HTTP/1.1" 304 -
::1 - - [04/Nov/2025 22:50:16] "GET /icon-university.png?v=2 HTTP/1.1" 304 -
::1 - - [04/Nov/2025 22:56:11] "GET / HTTP/1.1" 200 -
::1 - - [04/Nov/2025 22:56:15] "GET /icon-cafe.png?v=2 HTTP/1.1" 304 -
::1 - - [04/Nov/2025 22:56:15] "GET /icon-cafe-eu.png?v=2 HTTP/1.1" 304 -
::1 - - [04/Nov/2025 22:56:15] "GET /icon-office.png?v=2 HTTP/1.1" 304 -
::1 - - [04/Nov/2025 22:56:15] "GET /icon-cart.png?v=2 HTTP/1.1" 304 -
::1 - - [04/Nov/2025 22:56:15] "GET /icon-train.png?v=2 HTTP/1.1" 304 -
::1 - - [04/Nov/2025 22:56:15] "GET /icon-crowd.png?v=2 HTTP/1.1" 304 -
::1 - - [04/Nov/2025 22:56:15] "GET /icon-bed.png?v=2 HTTP/1.1" 304 -
::1 - - [04/Nov/2025 22:56:15] "GET /icon-university.png?v=2 HTTP/1.1" 304 -
::1 - - [04/Nov/2025 22:56:15] "GET /icon-metro.png?v=2 HTTP/1.1" 304 -
::1 - - [04/Nov/2025 22:56:15] "GET /madrid-logo.png?v=2 HTTP/1.1" 304 -
::1 - - [04/Nov/2025 23:02:07] "GET / HTTP/1.1" 200 -
::1 - - [04/Nov/2025 23:02:19] "GET /icon-cafe-eu.png?v=2 HTTP/1.1" 304 -
::1 - - [04/Nov/2025 23:02:19] "GET /icon-cafe.png?v=2 HTTP/1.1" 304 -
::1 - - [04/Nov/2025 23:02:19] "GET /icon-train.png?v=2 HTTP/1.1" 304 -
::1 - - [04/Nov/2025 23:02:19] "GET /icon-office.png?v=2 HTTP/1.1" 304 -
::1 - - [04/Nov/2025 23:02:19] "GET /icon-crowd.png?v=2 HTTP/1.1" 304 -
::1 - - [04/Nov/2025 23:02:19] "GET /icon-cart.png?v=2 HTTP/1.1" 304 -
::1 - - [04/Nov/2025 23:02:19] "GET /icon-metro.png?v=2 HTTP/1.1" 304 -
::1 - - [04/Nov/2025 23:02:19] "GET /icon-university.png?v=2 HTTP/1.1" 304 -
::1 - - [04/Nov/2025 23:02:19] "GET /icon-bed.png?v=2 HTTP/1.1" 304 -
::1 - - [04/Nov/2025 23:09:51] "GET / HTTP/1.1" 200 -
::1 - - [04/Nov/2025 23:09:54] "GET /icon-cafe-eu.png?v=2 HTTP/1.1" 304 -
::1 - - [04/Nov/2025 23:09:54] "GET /icon-cafe.png?v=2 HTTP/1.1" 304 -
::1 - - [04/Nov/2025 23:09:54] "GET /icon-office.png?v=2 HTTP/1.1" 304 -
::1 - - [04/Nov/2025 23:09:54] "GET /icon-train.png?v=2 HTTP/1.1" 304 -
::1 - - [04/Nov/2025 23:09:54] "GET /icon-cart.png?v=2 HTTP/1.1" 304 -
::1 - - [04/Nov/2025 23:09:54] "GET /icon-crowd.png?v=2 HTTP/1.1" 304 -
::1 - - [04/Nov/2025 23:09:54] "GET /icon-bed.png?v=2 HTTP/1.1" 304 -
::1 - - [04/Nov/2025 23:09:54] "GET /icon-university.png?v=2 HTTP/1.1" 304 -
::1 - - [04/Nov/2025 23:09:54] "GET /icon-metro.png?v=2 HTTP/1.1" 304 -
::1 - - [04/Nov/2025 23:14:32] "GET / HTTP/1.1" 200 -
::1 - - [04/Nov/2025 23:14:35] "GET /icon-cart.png?v=2 HTTP/1.1" 304 -
::1 - - [04/Nov/2025 23:18:01] "GET / HTTP/1.1" 200 -
::1 - - [04/Nov/2025 23:18:04] "GET /icon-cafe-eu.png?v=2 HTTP/1.1" 304 -
::1 - - [04/Nov/2025 23:18:04] "GET /icon-cafe.png?v=2 HTTP/1.1" 304 -
::1 - - [04/Nov/2025 23:18:04] "GET /icon-office.png?v=2 HTTP/1.1" 304 -
::1 - - [04/Nov/2025 23:18:04] "GET /icon-train.png?v=2 HTTP/1.1" 304 -
::1 - - [04/Nov/2025 23:18:04] "GET /icon-crowd.png?v=2 HTTP/1.1" 304 -
::1 - - [04/Nov/2025 23:18:04] "GET /icon-bed.png?v=2 HTTP/1.1" 304 -
::1 - - [04/Nov/2025 23:18:04] "GET /icon-metro.png?v=2 HTTP/1.1" 304 -
::1 - - [04/Nov/2025 23:18:04] "GET /icon-university.png?v=2 HTTP/1.1" 304 -
::1 - - [04/Nov/2025 23:20:35] "GET / HTTP/1.1" 200 -
::1 - - [04/Nov/2025 23:20:38] "GET /icon-cart.png?v=2 HTTP/1.1" 304 -
::1 - - [04/Nov/2025 23:25:36] "GET / HTTP/1.1" 200 -
::1 - - [04/Nov/2025 23:25:40] "GET /icon-cafe.png?v=2 HTTP/1.1" 304 -
::1 - - [04/Nov/2025 23:25:40] "GET /icon-cafe-eu.png?v=2 HTTP/1.1" 304 -
::1 - - [04/Nov/2025 23:25:40] "GET /icon-office.png?v=2 HTTP/1.1" 304 -
::1 - - [04/Nov/2025 23:25:40] "GET /icon-crowd.png?v=2 HTTP/1.1" 304 -
::1 - - [04/Nov/2025 23:25:40] "GET /icon-bed.png?v=2 HTTP/1.1" 304 -
::1 - - [04/Nov/2025 23:25:40] "GET /icon-metro.png?v=2 HTTP/1.1" 304 -
::1 - - [04/Nov/2025 23:25:40] "GET /icon-university.png?v=2 HTTP/1.1" 304 -
::1 - - [04/Nov/2025 23:25:40] "GET /madrid-logo.png?v=2 HTTP/1.1" 304 -
::1 - - [04/Nov/2025 23:25:42] "GET /google_maps_logo.svg.png HTTP/1.1" 200 -
::1 - - [04/Nov/2025 23:27:58] "GET / HTTP/1.1" 200 -
::1 - - [04/Nov/2025 23:28:01] "GET /icon-train.png?v=2 HTTP/1.1" 304 -
::1 - - [04/Nov/2025 23:28:01] "GET /icon-cart.png?v=2 HTTP/1.1" 304 -
::1 - - [04/Nov/2025 23:28:01] "GET /idealista-logo.png?v=2 HTTP/1.1" 304 -
::1 - - [04/Nov/2025 23:41:01] "GET / HTTP/1.1" 200 -
::1 - - [04/Nov/2025 23:41:05] "GET /icon-cafe.png?v=2 HTTP/1.1" 304 -
::1 - - [04/Nov/2025 23:41:05] "GET /icon-cart.png?v=2 HTTP/1.1" 304 -
::1 - - [04/Nov/2025 23:41:05] "GET /icon-train.png?v=2 HTTP/1.1" 304 -
::1 - - [04/Nov/2025 23:41:05] "GET /icon-office.png?v=2 HTTP/1.1" 304 -
::1 - - [04/Nov/2025 23:41:05] "GET /icon-bed.png?v=2 HTTP/1.1" 304 -
::1 - - [04/Nov/2025 23:41:05] "GET /icon-university.png?v=2 HTTP/1.1" 304 -
::1 - - [04/Nov/2025 23:41:05] "GET /icon-crowd.png?v=2 HTTP/1.1" 304 -
::1 - - [04/Nov/2025 23:41:05] "GET /icon-metro.png?v=2 HTTP/1.1" 304 -
::1 - - [04/Nov/2025 23:41:16] "GET / HTTP/1.1" 304 -
::1 - - [04/Nov/2025 23:43:05] "GET / HTTP/1.1" 200 -
::1 - - [04/Nov/2025 23:46:54] "GET / HTTP/1.1" 200 -
::1 - - [04/Nov/2025 23:46:57] "GET /icon-cafe-eu.png?v=2 HTTP/1.1" 304 -
::1 - - [04/Nov/2025 23:57:24] "GET / HTTP/1.1" 200 -
::1 - - [04/Nov/2025 23:57:27] "GET /icon-metro.png?v=2 HTTP/1.1" 304 -
::1 - - [04/Nov/2025 23:57:27] "GET /icon-crowd.png?v=2 HTTP/1.1" 304 -
::1 - - [04/Nov/2025 23:57:27] "GET /icon-cafe.png?v=2 HTTP/1.1" 304 -
::1 - - [04/Nov/2025 23:57:27] "GET /icon-cart.png?v=2 HTTP/1.1" 304 -
::1 - - [04/Nov/2025 23:57:27] "GET /icon-office.png?v=2 HTTP/1.1" 304 -
::1 - - [04/Nov/2025 23:57:27] "GET /icon-university.png?v=2 HTTP/1.1" 304 -
::1 - - [04/Nov/2025 23:57:27] "GET /icon-bed.png?v=2 HTTP/1.1" 304 -
::1 - - [04/Nov/2025 23:57:27] "GET /icon-train.png?v=2 HTTP/1.1" 304 -
::1 - - [04/Nov/2025 23:59:25] "GET / HTTP/1.1" 200 -
::1 - - [04/Nov/2025 23:59:31] "GET /icon-cafe-eu.png?v=2 HTTP/1.1" 304 -
::1 - - [05/Nov/2025 00:00:05] "GET / HTTP/1.1" 304 -
::1 - - [05/Nov/2025 08:50:43] "GET / HTTP/1.1" 304 -
::1 - - [05/Nov/2025 08:50:46] "GET /icon-train.png?v=2 HTTP/1.1" 304 -
::1 - - [05/Nov/2025 08:50:46] "GET /icon-cafe.png?v=2 HTTP/1.1" 304 -
::1 - - [05/Nov/2025 08:50:46] "GET /icon-office.png?v=2 HTTP/1.1" 304 -
::1 - - [05/Nov/2025 08:50:46] "GET /icon-crowd.png?v=2 HTTP/1.1" 304 -
::1 - - [05/Nov/2025 08:50:46] "GET /icon-cart.png?v=2 HTTP/1.1" 304 -
::1 - - [05/Nov/2025 08:50:46] "GET /icon-bed.png?v=2 HTTP/1.1" 304 -
::1 - - [05/Nov/2025 08:50:46] "GET /icon-university.png?v=2 HTTP/1.1" 304 -
::1 - - [05/Nov/2025 08:50:46] "GET /icon-metro.png?v=2 HTTP/1.1" 304 -
::1 - - [05/Nov/2025 08:50:46] "GET /idealista-logo.png?v=2 HTTP/1.1" 304 -
::1 - - [05/Nov/2025 08:50:51] "GET /icon-cafe-eu.png?v=2 HTTP/1.1" 304 -
::1 - - [05/Nov/2025 08:50:52] "GET /google_maps_logo.svg.png HTTP/1.1" 304 -
::1 - - [05/Nov/2025 08:52:14] "GET / HTTP/1.1" 304 -
